<?xml version="1.0" encoding="UTF-8" ?>
<testsuite tests="6" failures="0" name="mx.unam.ciencias.edd.test.TestMonticuloArreglo" time="0.035" errors="0" skipped="0">
  <properties>
[...]
</properties>
  <testcase classname="mx.unam.ciencias.edd.test.TestMonticuloArreglo" name="testElimina" time="0.016"/>
  <testcase classname="mx.unam.ciencias.edd.test.TestMonticuloArreglo" name="testEsVacio" time="0.002"/>
  <testcase classname="mx.unam.ciencias.edd.test.TestMonticuloArreglo" name="testGet" time="0.005"/>
  <testcase classname="mx.unam.ciencias.edd.test.TestMonticuloArreglo" name="testReordena" time="0.01"/>
  <testcase classname="mx.unam.ciencias.edd.test.TestMonticuloArreglo" name="testGetElementos" time="0.001"/>
  <testcase classname="mx.unam.ciencias.edd.test.TestMonticuloArreglo" name="testConstructor" time="0.001"/>
</testsuite>